Arguments: 
  D:\node\node.exe C:\Users\Administrator\AppData\Roaming\npm\node_modules\yarn\bin\yarn.js add vite-plugin-theme -D

PATH: 
  C:\Windows\system32;C:\Windows;C:\Windows\System32\Wbem;C:\Windows\System32\WindowsPowerShell\v1.0\;C:\Windows\System32\OpenSSH\;C:\Program Files (x86)\NVIDIA Corporation\PhysX\Common;D:\node\;D:\Git\Git\cmd;C:\Users\Administrator\AppData\Roaming\npm\node_modules\yarn\bin;D:\Mysql\mysql-5.7.32-winx64\bin;C:\Users\Administrator\AppData\Local\Microsoft\WindowsApps;E:\软件\压缩工具\Bandizip_qyb\;C:\Users\Administrator\AppData\Roaming\npm;D:\Vscode\Microsoft VS Code\bin;D:\Pycharm\PyCharm 2021.1.1\bin;

Yarn version: 
  1.22.10

Node version: 
  14.16.0

Platform: 
  win32 x64

Trace: 
  Error: EPERM: operation not permitted, unlink 'E:\桌面文件\Code\mall-vite2-react\node_modules\esbuild\esbuild.exe'

npm manifest: 
  {
    "name": "vite2-react-mall",
    "version": "0.0.0",
    "license": "MIT",
    "scripts": {
      "start": "vite",
      "build": "tsc --noEmit && vite build",
      "serve": "vite preview",
      "install:husky": "husky install",
      "lint:pretty": "pretty-quick --staged",
      "lint:lint-staged": "lint-staged -c ./.husky/lintstagedrc.js",
      "lint:eslint": "eslint \"src/**/*.{vue,ts,tsx}\" --fix",
      "lint:stylelint": "stylelint --fix \"**/*.{tsx,less,postcss,css,scss}\" --cache --cache-location node_modules/.cache/stylelint/"
    },
    "dependencies": {
      "@ant-design/icons": "^4.6.2",
      "antd": "^4.16.2",
      "react": "^17.0.0",
      "react-dom": "^17.0.0"
    },
    "devDependencies": {
      "@babel/core": "^7.14.3",
      "@commitlint/cli": "^12.1.4",
      "@commitlint/config-conventional": "^12.1.4",
      "@types/babel__core": "^7.1.14",
      "@types/node": "^15.12.1",
      "@types/react": "^17.0.0",
      "@types/react-dom": "^17.0.0",
      "@typescript-eslint/eslint-plugin": "^4.26.0",
      "@typescript-eslint/parser": "^4.26.0",
      "@vitejs/plugin-react-refresh": "^1.3.3",
      "commitizen": "^4.2.4",
      "eslint": "^7.27.0",
      "eslint-config-prettier": "^8.3.0",
      "eslint-define-config": "^1.0.8",
      "eslint-plugin-prettier": "^3.4.0",
      "eslint-plugin-react": "^7.24.0",
      "husky": "6.0.0",
      "less": "^4.1.1",
      "less-vars-to-js": "^1.3.0",
      "lint-staged": "^11.0.0",
      "prettier": "^2.3.0",
      "pretty-quick": "^3.1.0",
      "stylelint": "^13.13.1",
      "stylelint-config-prettier": "^8.0.2",
      "stylelint-config-standard": "^22.0.0",
      "stylelint-order": "^4.1.0",
      "typescript": "^4.3.2",
      "vite": "^2.3.4",
      "vite-plugin-imp": "^2.0.7"
    }
  }

yarn manifest: 
  No manifest

Lockfile: 
  No lockfile
